<?xml version="1.0" encoding="UTF-8"?>
<testng-results ignored="0" total="1" passed="1" failed="0" skipped="0">
  <reporter-output>
    <line>
      <![CDATA[Product Name = Nike Men's Black Sports Shoe. The Final Price = Rs.2232]]>
    </line>
  </reporter-output>
  <suite started-at="2021-11-18T01:20:43 IST" name="Default suite" finished-at="2021-11-18T01:21:01 IST" duration-ms="18454">
    <groups>
    </groups>
    <test started-at="2021-11-18T01:20:43 IST" name="Default test" finished-at="2021-11-18T01:21:01 IST" duration-ms="18454">
      <class name="datatest.call">
        <test-method signature="callf()[pri:0, instance:datatest.call@732c2a62]" started-at="2021-11-18T01:20:43 IST" name="callf" finished-at="2021-11-18T01:21:01 IST" duration-ms="18408" status="PASS">
          <reporter-output>
            <line>
              <![CDATA[Product Name = Nike Men's Black Sports Shoe. The Final Price = Rs.2232]]>
            </line>
          </reporter-output>
        </test-method> <!-- callf -->
      </class> <!-- datatest.call -->
    </test> <!-- Default test -->
  </suite> <!-- Default suite -->
</testng-results>
